iMPACT Version: 10.1.03

iMPACT log file Started on Wed May 07 20:05:07 2025

The following values are set for this run of the wizard
SUBMODE_TYPE is SUBMODE_PFFSERIAL
MULTIBOOT_DEVICE is DEVICE_NONE
MULTIBOOT_TYPE is TYPE_NONE
Downstream Daisy-Chain type is CHAINTYPE_NONE
setMultiBootSelect is FALSE
setSPISelect is FALSE
// *** BATCH CMD : setMode -pff
// *** BATCH CMD : setMode -pff
// *** BATCH CMD : addConfigDevice  -name "Untitled" -path"C:\Students\Makov\Makov_5\"
// *** BATCH CMD : setSubmode -pffserial
// *** BATCH CMD : addDesign -version 0 -name "00"
// *** BATCH CMD : setMode -pff
// *** BATCH CMD : addDeviceChain -index 0
// *** BATCH CMD : setMode -pff
// *** BATCH CMD : addDeviceChain -index 0
Override chain at index 0.
Overriding chain at index 0.
// *** BATCH CMD : setAttribute -configdevice -attr compressed -value "FALSE"
// *** BATCH CMD : setAttribute -configdevice -attr compressed -value "FALSE"
// *** BATCH CMD : setAttribute -configdevice -attr autoSize -value "FALSE"
// *** BATCH CMD : setAttribute -configdevice -attr fileFormat -value "mcs"
// *** BATCH CMD : setAttribute -configdevice -attr fillValue -value "FF"
// *** BATCH CMD : setAttribute -configdevice -attr swapBit -value "FALSE"
// *** BATCH CMD : setAttribute -configdevice -attr dir -value "UP"
// *** BATCH CMD : setAttribute -configdevice -attr multiboot -value "FALSE"
// *** BATCH CMD : setAttribute -configdevice -attr multiboot -value "FALSE"
// *** BATCH CMD : setAttribute -configdevice -attr spiSelected -value "FALSE"
// *** BATCH CMD : setAttribute -configdevice -attr spiSelected -value "FALSE"
// *** BATCH CMD : addPromDevice -p 1 -size 0 -name xc18v256
'1': Added Device xc18v256 successfully.
----------------------------------------------------------------------
// *** BATCH CMD : setMode -pff
------------------------  GUI: PFFView Wizard Data Report ------------------------
SubMode: PFF_SERIAL
MB Master Device: 
MB Mode: 
MB Chain: 
getMultiBootSelected(): FALSE
getSPISelected(): FALSE
------------------------  GUI: End PFFView Report  ------------------------
// *** BATCH CMD : setMode -pff
// *** BATCH CMD : deletePromDevice -position 1
// *** BATCH CMD : setCurrentDesign -version 0
// *** BATCH CMD : deleteDesign -version 0
// *** BATCH CMD : setCurrentDesign -version -1
// *** BATCH CMD : setMode -pff
// *** BATCH CMD : addConfigDevice -size 512 -name "Untitled" -path"C:\Students\Makov\Makov_5\/"
// *** BATCH CMD : setSubmode -pffserial
// *** BATCH CMD : setAttribute -configdevice -attr dir -value "UP"
// *** BATCH CMD : setAttribute -configdevice -attr flashDataWidth -value "8"
// *** BATCH CMD : addPromDevice -p 1 -size 0 -name xc18v256
'1': Added Device xc18v256 successfully.
----------------------------------------------------------------------
// *** BATCH CMD : setMode -pff
// *** BATCH CMD : setSubmode -pffserial
// *** BATCH CMD : setAttribute -configdevice -attr dir -value "UP"
// *** BATCH CMD : addDesign -version 0 -name "0000"
// *** BATCH CMD : setMode -pff
// *** BATCH CMD : addDeviceChain -index 0
------------------------  GUI: Wizard Data Report  ---------------------------
      PROM Mode : Serial
      Compression : false
      Fill Value : FF
      Output Format : mcs
      Swap Bits : true
      LoadDirection : UP
      PROM Basename : Untitled
      File Location : C:\Students\Makov\Makov_5\/
      Auto Selcet : false
      Number of Data Stream : 1
      Number of PROMs : 1
      PROM Name : xc18v256		PROM Size : 32768 Bytes
-------------------------- END of Report ----------------------------
// *** BATCH CMD : setAttribute -design -attr name -value "0"
// *** BATCH CMD : addDevice -p 1 -file"C:/Students/Makov/Makov_5/generator.bit"
'1': Loading file 'C:/Students/Makov/Makov_5/generator.bit' ...
INFO:iMPACT - Elapsed time =      1 sec.
done.
INFO:iMPACT:501 - '1': Added Device xc2s15 successfully.
----------------------------------------------------------------------
----------------------------------------------------------------------
Add one device.// *** BATCH CMD : setMode -pff
// *** BATCH CMD : setSubmode -pffserial
// *** BATCH CMD : setAttribute -configdevice -attr fillValue -value "FF"
// *** BATCH CMD : setAttribute -configdevice -attr fileFormat -value "mcs"
// *** BATCH CMD : setAttribute -configdevice -attr dir -value "UP"
// *** BATCH CMD : setAttribute -configdevice -attr path -value"C:\Students\Makov\Makov_5\/"
// *** BATCH CMD : setAttribute -configdevice -attr name -value "Untitled"
Total configuration bit size = 197696 bits.
Total configuration byte size = 24712 bytes.
// *** BATCH CMD : setCurrentDesign -version 0
// *** BATCH CMD : generate
Swap bit can only be disabled in Hex file format only.
0x6088 (24712) bytes loaded up from 0x0
Using user-specified prom size of 32K
Writing file "C:\Students\Makov\Makov_5\//Untitled.mcs".
Writing file "C:\Students\Makov\Makov_5\//Untitled.prm".
Writing file "C:\Students\Makov\Makov_5\//Untitled.sig".
// *** BATCH CMD : setMode -bs
// *** BATCH CMD : setMode -bs
Selected part: xc18v256_so20
INFO:iMPACT:1777 - 
   Reading C:/Xilinx/10.1/ISE/xc18v00/data/xc18v256.bsd...
INFO:iMPACT:501 - '1': Added Device xc18v256 successfully.
----------------------------------------------------------------------
----------------------------------------------------------------------
'1': Loading file 'C:/Students/Makov/Makov_5/Untitled.mcs' ...
done.
// *** BATCH CMD : setAttribute -position 1 -attr readnextdevice -value "so20"
GUI --- Auto connect to cable...
// *** BATCH CMD : setCable -port auto
AutoDetecting cable. Please wait.
PROGRESS_START - Starting Operation.
Connecting to cable (Parallel Port - LPT1).
Checking cable driver.
 Driver windrvr6.sys version = 8.1.1.0. WinDriver v8.11 Jungo (c) 1997 - 2006 Build Date: Oct 16 2006 X86 32bit SYS12:35:07, version = 811.
 LPT base address = 0378h.
 ECP base address = FFFFFFFFh.
Cable connection established.
PROGRESS_END - End Operation.
Elapsed time =      1 sec.
// *** BATCH CMD : Program -p 1 -e -v -loadfpga -useD4 
INFO:iMPACT:583 - '1': The idcode read from the device does not match the idcode   in the bsdl File.
INFO:iMPACT:1578 - '1':  Device IDCODE :        11111111111111111111111111111111
INFO:iMPACT:1579 - '1': Expected IDCODE:    00000101000000100010000010010011
PROGRESS_END - End Operation.
Elapsed time =      0 sec.
PROGRESS_START - Starting Operation.
// *** BATCH CMD : Program -p 1 -e -v -loadfpga -useD4 
INFO:iMPACT:583 - '1': The idcode read from the device does not match the idcode   in the bsdl File.
INFO:iMPACT:1578 - '1':  Device IDCODE :        11111111111111111111111111111111
INFO:iMPACT:1579 - '1': Expected IDCODE:    00000101000000100010000010010011
PROGRESS_END - End Operation.
Elapsed time =      0 sec.
PROGRESS_START - Starting Operation.
// *** BATCH CMD : Program -p 1 -e -v -loadfpga -useD4 
INFO:iMPACT:583 - '1': The idcode read from the device does not match the idcode   in the bsdl File.
INFO:iMPACT:1578 - '1':  Device IDCODE :        11111111111111111111111111111111
INFO:iMPACT:1579 - '1': Expected IDCODE:    00000101000000100010000010010011
PROGRESS_END - End Operation.
Elapsed time =      0 sec.
PROGRESS_START - Starting Operation.
// *** BATCH CMD : Program -p 1 -e -v -loadfpga -useD4 
INFO:iMPACT:583 - '1': The idcode read from the device does not match the idcode   in the bsdl File.
INFO:iMPACT:1578 - '1':  Device IDCODE :        11111111111111111111111111111111
INFO:iMPACT:1579 - '1': Expected IDCODE:    00000101000000100010000010010011
PROGRESS_END - End Operation.
Elapsed time =      0 sec.
PROGRESS_START - Starting Operation.
// *** BATCH CMD : Verify -p 1 
INFO:iMPACT:583 - '1': The idcode read from the device does not match the idcode   in the bsdl File.
INFO:iMPACT:1578 - '1':  Device IDCODE :        11111111111111111111111111111111
INFO:iMPACT:1579 - '1': Expected IDCODE:    00000101000000100010000010010011
PROGRESS_END - End Operation.
Elapsed time =      0 sec.
PROGRESS_START - Starting Operation.
// *** BATCH CMD : Erase -p 1 
INFO:iMPACT:583 - '1': The idcode read from the device does not match the idcode   in the bsdl File.
INFO:iMPACT:1578 - '1':  Device IDCODE :        11111111111111111111111111111111
INFO:iMPACT:1579 - '1': Expected IDCODE:    00000101000000100010000010010011
PROGRESS_END - End Operation.
Elapsed time =      0 sec.
PROGRESS_START - Starting Operation.
// *** BATCH CMD : Program -p 1 -e -v -loadfpga -useD4 
Maximum TCK operating frequency for this device chain: 0.
Validating chain...
Boundary-scan chain validated successfully.
'1': Erasing device...
PROGRESS_START - Starting Operation.
'1': Erasure completed successfully.
'1': Programming device...
done.
'1': Putting device in ISP mode...done.
'1': Putting device in ISP mode...done.
'1': Verifying device...done.
'1': Verification completed successfully.
'1': Calculated checksum matches expected checksum, 000314f5b
'1': Putting device in ISP mode...done.
'1': Putting device in ISP mode...done.
'1': Setting user-programmable bits...
'1': Programming D4 as the CF pin...
done.
'1': Putting device in ISP mode...done.
'1': Starting FPGA Load with Prom Data...INFO:iMPACT:563 - '1':Please ensure proper connections as specified by the data   book ...
'1': Programming completed successfully.
'1': Programming completed successfully.
PROGRESS_END - End Operation.
Elapsed time =      6 sec.
